files/SW100-8-0/sw100-10.cnf
Number of variables:           500
Number of clauses:            3100
CPU time              : 0.004843 s
SATISFIABLE
21159
 

files/SW100-8-0/sw100-100.cnf
Number of variables:           500
Number of clauses:            3100
CPU time              : 0.004202 s
SATISFIABLE
21160
 

files/SW100-8-0/sw100-12.cnf
Number of variables:           500
Number of clauses:            3100
CPU time              : 0.004914 s
SATISFIABLE
21162
 

files/SW100-8-0/sw100-11.cnf
Number of variables:           500
Number of clauses:            3100
CPU time              : 0.004591 s
SATISFIABLE
21161
 

files/SW100-8-0/sw100-14.cnf
Number of variables:           500
Number of clauses:            3100
CPU time              : 0.004882 s
SATISFIABLE
21164
 

files/SW100-8-0/sw100-13.cnf
Number of variables:           500
Number of clauses:            3100
CPU time              : 0.00539 s
SATISFIABLE
21163
 

files/SW100-8-0/sw100-1.cnf
Number of variables:           500
Number of clauses:            3100
CPU time              : 0.003961 s
SATISFIABLE
21158
 

files/SW100-8-0/sw100-17.cnf
Number of variables:           500
Number of clauses:            3100
CPU time              : 0.003022 s
SATISFIABLE
21159
 

files/SW100-8-0/sw100-19.cnf
Number of variables:           500
Number of clauses:            3100
CPU time              : 0.002107 s
SATISFIABLE
21161
 

files/SW100-8-0/sw100-20.cnf
Number of variables:           500
Number of clauses:            3100
CPU time              : 0.003866 s
SATISFIABLE
21163
 

files/SW100-8-0/sw100-18.cnf
Number of variables:           500
Number of clauses:            3100
CPU time              : 0.002818 s
SATISFIABLE
21160
 

files/SW100-8-0/sw100-15.cnf
Number of variables:           500
Number of clauses:            3100
CPU time              : 0.003186 s
SATISFIABLE
21165
 

files/SW100-8-0/sw100-21.cnf
Number of variables:           500
Number of clauses:            3100
CPU time              : 0.004495 s
SATISFIABLE
21164
 

files/SW100-8-0/sw100-2.cnf
Number of variables:           500
Number of clauses:            3100
CPU time              : 0.002515 s
SATISFIABLE
21162
 

files/SW100-8-0/sw100-16.cnf
Number of variables:           500
Number of clauses:            3100
CPU time              : 0.004087 s
SATISFIABLE
21158
 

files/SW100-8-0/sw100-28.cnf
Number of variables:           500
Number of clauses:            3100
CPU time              : 0.003945 s
SATISFIABLE
21163
 

files/SW100-8-0/sw100-22.cnf
Number of variables:           500
Number of clauses:            3100
CPU time              : 0.00465 s
SATISFIABLE
21165
 

files/SW100-8-0/sw100-23.cnf
Number of variables:           500
Number of clauses:            3100
CPU time              : 0.003725 s
SATISFIABLE
21159
 

files/SW100-8-0/sw100-29.cnf
Number of variables:           500
Number of clauses:            3100
CPU time              : 0.003417 s
SATISFIABLE
21158
 

files/SW100-8-0/sw100-25.cnf
Number of variables:           500
Number of clauses:            3100
CPU time              : 0.004577 s
SATISFIABLE
21162
 

files/SW100-8-0/sw100-24.cnf
Number of variables:           500
Number of clauses:            3100
CPU time              : 0.001955 s
SATISFIABLE
21160
 

files/SW100-8-0/sw100-27.cnf
Number of variables:           500
Number of clauses:            3100
CPU time              : 0.002371 s
SATISFIABLE
21164
 

files/SW100-8-0/sw100-26.cnf
Number of variables:           500
Number of clauses:            3100
CPU time              : 0.002216 s
SATISFIABLE
21161
 

files/SW100-8-0/sw100-31.cnf
Number of variables:           500
Number of clauses:            3100
CPU time              : 0.003121 s
SATISFIABLE
21163
 

files/SW100-8-0/sw100-33.cnf
Number of variables:           500
Number of clauses:            3100
CPU time              : 0.00374 s
SATISFIABLE
21165
 

files/SW100-8-0/sw100-30.cnf
Number of variables:           500
Number of clauses:            3100
CPU time              : 0.003884 s
SATISFIABLE
21161
 

files/SW100-8-0/sw100-38.cnf
Number of variables:           500
Number of clauses:            3100
CPU time              : 0.002722 s
SATISFIABLE
21165
 

files/SW100-8-0/sw100-3.cnf
Number of variables:           500
Number of clauses:            3100
CPU time              : 0.003378 s
SATISFIABLE
21159
 

files/SW100-8-0/sw100-36.cnf
Number of variables:           500
Number of clauses:            3100
CPU time              : 0.003476 s
SATISFIABLE
21158
 

files/SW100-8-0/sw100-37.cnf
Number of variables:           500
Number of clauses:            3100
CPU time              : 0.004784 s
SATISFIABLE
21163
 

files/SW100-8-0/sw100-32.cnf
Number of variables:           500
Number of clauses:            3100
CPU time              : 0.002207 s
SATISFIABLE
21160
 

files/SW100-8-0/sw100-35.cnf
Number of variables:           500
Number of clauses:            3100
CPU time              : 0.004508 s
SATISFIABLE
21162
 

files/SW100-8-0/sw100-34.cnf
Number of variables:           500
Number of clauses:            3100
CPU time              : 0.002269 s
SATISFIABLE
21164
 

files/SW100-8-0/sw100-43.cnf
Number of variables:           500
Number of clauses:            3100
CPU time              : 0.001721 s
SATISFIABLE
21161
 

files/SW100-8-0/sw100-39.cnf
Number of variables:           500
Number of clauses:            3100
CPU time              : 0.003794 s
SATISFIABLE
21159
 

files/SW100-8-0/sw100-44.cnf
Number of variables:           500
Number of clauses:            3100
CPU time              : 0.003469 s
SATISFIABLE
21163
 

files/SW100-8-0/sw100-4.cnf
Number of variables:           500
Number of clauses:            3100
CPU time              : 0.003894 s
SATISFIABLE
21158
 

files/SW100-8-0/sw100-42.cnf
Number of variables:           500
Number of clauses:            3100
CPU time              : 0.002111 s
SATISFIABLE
21164
 

files/SW100-8-0/sw100-45.cnf
Number of variables:           500
Number of clauses:            3100
CPU time              : 0.003483 s
SATISFIABLE
21165
 

files/SW100-8-0/sw100-41.cnf
Number of variables:           500
Number of clauses:            3100
CPU time              : 0.002452 s
SATISFIABLE
21160
 

files/SW100-8-0/sw100-40.cnf
Number of variables:           500
Number of clauses:            3100
CPU time              : 0.003084 s
SATISFIABLE
21162
 

files/SW100-8-0/sw100-48.cnf
Number of variables:           500
Number of clauses:            3100
CPU time              : 0.002589 s
SATISFIABLE
21159
 

files/SW100-8-0/sw100-5.cnf
Number of variables:           500
Number of clauses:            3100
CPU time              : 0.004104 s
SATISFIABLE
21163
 

files/SW100-8-0/sw100-52.cnf
Number of variables:           500
Number of clauses:            3100
CPU time              : 0.001945 s
SATISFIABLE
21164
 

files/SW100-8-0/sw100-46.cnf
Number of variables:           500
Number of clauses:            3100
CPU time              : 0.003823 s
SATISFIABLE
21161
 

files/SW100-8-0/sw100-50.cnf
Number of variables:           500
Number of clauses:            3100
CPU time              : 0.004176 s
SATISFIABLE
21160
 

files/SW100-8-0/sw100-55.cnf
Number of variables:           500
Number of clauses:            3100
CPU time              : 0.002103 s
SATISFIABLE
21163
 

files/SW100-8-0/sw100-47.cnf
Number of variables:           500
Number of clauses:            3100
CPU time              : 0.002882 s
SATISFIABLE
21165
 

files/SW100-8-0/sw100-54.cnf
Number of variables:           500
Number of clauses:            3100
CPU time              : 0.002456 s
SATISFIABLE
21159
 

files/SW100-8-0/sw100-49.cnf
Number of variables:           500
Number of clauses:            3100
CPU time              : 0.002999 s
SATISFIABLE
21158
 

files/SW100-8-0/sw100-57.cnf
Number of variables:           500
Number of clauses:            3100
CPU time              : 0.003953 s
SATISFIABLE
21164
 

files/SW100-8-0/sw100-53.cnf
Number of variables:           500
Number of clauses:            3100
CPU time              : 0.002648 s
SATISFIABLE
21161
 

files/SW100-8-0/sw100-51.cnf
Number of variables:           500
Number of clauses:            3100
CPU time              : 0.001499 s
SATISFIABLE
21162
 

files/SW100-8-0/sw100-59.cnf
Number of variables:           500
Number of clauses:            3100
CPU time              : 0.002518 s
SATISFIABLE
21160
 

files/SW100-8-0/sw100-60.cnf
Number of variables:           500
Number of clauses:            3100
CPU time              : 0.00249 s
SATISFIABLE
21159
 

files/SW100-8-0/sw100-58.cnf
Number of variables:           500
Number of clauses:            3100
CPU time              : 0.002295 s
SATISFIABLE
21165
 

files/SW100-8-0/sw100-63.cnf
Number of variables:           500
Number of clauses:            3100
CPU time              : 0.002698 s
SATISFIABLE
21161
 

files/SW100-8-0/sw100-56.cnf
Number of variables:           500
Number of clauses:            3100
CPU time              : 0.002338 s
SATISFIABLE
21158
 

files/SW100-8-0/sw100-61.cnf
Number of variables:           500
Number of clauses:            3100
CPU time              : 0.001646 s
SATISFIABLE
21163
 

files/SW100-8-0/sw100-62.cnf
Number of variables:           500
Number of clauses:            3100
CPU time              : 0.004087 s
SATISFIABLE
21164
 

files/SW100-8-0/sw100-6.cnf
Number of variables:           500
Number of clauses:            3100
CPU time              : 0.004077 s
SATISFIABLE
21162
 

files/SW100-8-0/sw100-64.cnf
Number of variables:           500
Number of clauses:            3100
CPU time              : 0.00207 s
SATISFIABLE
21160
 

files/SW100-8-0/sw100-7.cnf
Number of variables:           500
Number of clauses:            3100
CPU time              : 0.002781 s
SATISFIABLE
21161
 

files/SW100-8-0/sw100-66.cnf
Number of variables:           500
Number of clauses:            3100
CPU time              : 0.003168 s
SATISFIABLE
21165
 

files/SW100-8-0/sw100-67.cnf
Number of variables:           500
Number of clauses:            3100
CPU time              : 0.001868 s
SATISFIABLE
21159
 

files/SW100-8-0/sw100-68.cnf
Number of variables:           500
Number of clauses:            3100
CPU time              : 0.003864 s
SATISFIABLE
21158
 

files/SW100-8-0/sw100-65.cnf
Number of variables:           500
Number of clauses:            3100
CPU time              : 0.003739 s
SATISFIABLE
21163
 

files/SW100-8-0/sw100-69.cnf
Number of variables:           500
Number of clauses:            3100
CPU time              : 0.001349 s
SATISFIABLE
21164
 

files/SW100-8-0/sw100-72.cnf
Number of variables:           500
Number of clauses:            3100
CPU time              : 0.000962 s
SATISFIABLE
21159
 

files/SW100-8-0/sw100-70.cnf
Number of variables:           500
Number of clauses:            3100
CPU time              : 0.002042 s
SATISFIABLE
21162
 

files/SW100-8-0/sw100-71.cnf
Number of variables:           500
Number of clauses:            3100
CPU time              : 0.002033 s
SATISFIABLE
21160
 

files/SW100-8-0/sw100-74.cnf
Number of variables:           500
Number of clauses:            3100
CPU time              : 0.003005 s
SATISFIABLE
21161
 

files/SW100-8-0/sw100-75.cnf
Number of variables:           500
Number of clauses:            3100
CPU time              : 0.003708 s
SATISFIABLE
21158
 

files/SW100-8-0/sw100-78.cnf
Number of variables:           500
Number of clauses:            3100
CPU time              : 0.002183 s
SATISFIABLE
21162
 

files/SW100-8-0/sw100-73.cnf
Number of variables:           500
Number of clauses:            3100
CPU time              : 0.002463 s
SATISFIABLE
21165
 

files/SW100-8-0/sw100-79.cnf
Number of variables:           500
Number of clauses:            3100
CPU time              : 0.002502 s
SATISFIABLE
21160
 

files/SW100-8-0/sw100-8.cnf
Number of variables:           500
Number of clauses:            3100
CPU time              : 0.00318 s
SATISFIABLE
21161
 

files/SW100-8-0/sw100-81.cnf
Number of variables:           500
Number of clauses:            3100
CPU time              : 0.003813 s
SATISFIABLE
21159
 

files/SW100-8-0/sw100-76.cnf
Number of variables:           500
Number of clauses:            3100
CPU time              : 0.004298 s
SATISFIABLE
21163
 

files/SW100-8-0/sw100-77.cnf
Number of variables:           500
Number of clauses:            3100
CPU time              : 0.003031 s
SATISFIABLE
21164
 

files/SW100-8-0/sw100-80.cnf
Number of variables:           500
Number of clauses:            3100
CPU time              : 0.002843 s
SATISFIABLE
21165
 

files/SW100-8-0/sw100-82.cnf
Number of variables:           500
Number of clauses:            3100
CPU time              : 0 s
SATISFIABLE
21158
 

files/SW100-8-0/sw100-87.cnf
Number of variables:           500
Number of clauses:            3100
CPU time              : 0.002662 s
SATISFIABLE
21160
 

files/SW100-8-0/sw100-86.cnf
Number of variables:           500
Number of clauses:            3100
CPU time              : 0.00378 s
SATISFIABLE
21162
 

files/SW100-8-0/sw100-88.cnf
Number of variables:           500
Number of clauses:            3100
CPU time              : 0.003772 s
SATISFIABLE
21161
 

files/SW100-8-0/sw100-85.cnf
Number of variables:           500
Number of clauses:            3100
CPU time              : 0.004151 s
SATISFIABLE
21159
 

files/SW100-8-0/sw100-83.cnf
Number of variables:           500
Number of clauses:            3100
CPU time              : 0.003034 s
SATISFIABLE
21163
 

files/SW100-8-0/sw100-91.cnf
Number of variables:           500
Number of clauses:            3100
CPU time              : 0.002344 s
SATISFIABLE
21160
 

files/SW100-8-0/sw100-89.cnf
Number of variables:           500
Number of clauses:            3100
CPU time              : 0.002618 s
SATISFIABLE
21158
 

files/SW100-8-0/sw100-92.cnf
Number of variables:           500
Number of clauses:            3100
CPU time              : 0.00309 s
SATISFIABLE
21161
 

files/SW100-8-0/sw100-90.cnf
Number of variables:           500
Number of clauses:            3100
CPU time              : 0.002348 s
SATISFIABLE
21165
 

files/SW100-8-0/sw100-9.cnf
Number of variables:           500
Number of clauses:            3100
CPU time              : 0.002025 s
SATISFIABLE
21162
 

files/SW100-8-0/sw100-84.cnf
Number of variables:           500
Number of clauses:            3100
CPU time              : 0.00393 s
SATISFIABLE
21164
 

files/SW100-8-0/sw100-93.cnf
Number of variables:           500
Number of clauses:            3100
CPU time              : 0.001865 s
SATISFIABLE
21159
 

files/SW100-8-0/sw100-98.cnf
Number of variables:           500
Number of clauses:            3100
CPU time              : 0.002071 s
SATISFIABLE
21160
 

files/SW100-8-0/sw100-94.cnf
Number of variables:           500
Number of clauses:            3100
CPU time              : 0.002658 s
SATISFIABLE
21163
 

files/SW100-8-0/sw100-95.cnf
Number of variables:           500
Number of clauses:            3100
CPU time              : 0.003251 s
SATISFIABLE
21164
 

files/SW100-8-0/sw100-99.cnf
Number of variables:           500
Number of clauses:            3100
CPU time              : 0.004636 s
SATISFIABLE
21162
 

files/SW100-8-0/sw100-96.cnf
Number of variables:           500
Number of clauses:            3100
CPU time              : 0.004 s
SATISFIABLE
21165
 

files/SW100-8-0/sw100-97.cnf
Number of variables:           500
Number of clauses:            3100
CPU time              : 0.003179 s
SATISFIABLE
21158
 

